<?xml version="1.0" encoding="UTF-8"?>
<testng-results ignored="0" total="1" passed="1" failed="0" skipped="0">
  <reporter-output>
  </reporter-output>
  <suite started-at="2023-04-14T19:36:53 IST" name="Default suite" finished-at="2023-04-14T19:38:20 IST" duration-ms="86358">
    <groups>
    </groups>
    <test started-at="2023-04-14T19:36:53 IST" name="Default test" finished-at="2023-04-14T19:38:20 IST" duration-ms="86358">
      <class name="com.carwale23a.CarTests">
        <test-method is-config="true" signature="setUpMethod()[pri:0, instance:com.carwale23a.CarTests@1a942c18]" started-at="2023-04-14T19:36:54 IST" name="setUpMethod" finished-at="2023-04-14T19:37:55 IST" duration-ms="61489" status="PASS">
          <reporter-output>
          </reporter-output>
        </test-method> <!-- setUpMethod -->
        <test-method signature="verifySearchResultForMarutiBrand()[pri:0, instance:com.carwale23a.CarTests@1a942c18]" started-at="2023-04-14T19:37:55 IST" name="verifySearchResultForMarutiBrand" finished-at="2023-04-14T19:38:15 IST" duration-ms="19677" status="PASS">
          <reporter-output>
          </reporter-output>
        </test-method> <!-- verifySearchResultForMarutiBrand -->
        <test-method is-config="true" signature="tearDown()[pri:0, instance:com.carwale23a.CarTests@1a942c18]" started-at="2023-04-14T19:38:15 IST" name="tearDown" finished-at="2023-04-14T19:38:20 IST" duration-ms="4942" status="PASS">
          <reporter-output>
          </reporter-output>
        </test-method> <!-- tearDown -->
      </class> <!-- com.carwale23a.CarTests -->
    </test> <!-- Default test -->
  </suite> <!-- Default suite -->
</testng-results>
