<?xml version="1.0" encoding="UTF-8"?>
<testng-results ignored="0" total="1" passed="1" failed="0" skipped="0">
  <reporter-output>
  </reporter-output>
  <suite started-at="2023-04-15T23:19:04 IST" name="Default suite" finished-at="2023-04-15T23:19:10 IST" duration-ms="6146">
    <groups>
    </groups>
    <test started-at="2023-04-15T23:19:04 IST" name="Default test" finished-at="2023-04-15T23:19:10 IST" duration-ms="6146">
      <class name="com.rest.assured.test.ApiTest">
        <test-method signature="VerifygetUsers()[pri:1, instance:com.rest.assured.test.ApiTest@3c73951]" started-at="2023-04-15T23:19:04 IST" name="VerifygetUsers" finished-at="2023-04-15T23:19:10 IST" duration-ms="6029" status="PASS">
          <reporter-output>
          </reporter-output>
        </test-method> <!-- VerifygetUsers -->
      </class> <!-- com.rest.assured.test.ApiTest -->
    </test> <!-- Default test -->
  </suite> <!-- Default suite -->
</testng-results>
